2013-11-29 20:39:42.858 MePaseasteUY[11216:80b] Multi-tasking -> Device: YES, App: YES
2013-11-29 20:39:43.012 MePaseasteUY[11216:80b] Unlimited access to network resources
2013-11-29 20:39:44.483 MePaseasteUY[11216:80b] Resetting plugins due to page load.
2013-11-29 20:39:44.645 MePaseasteUY[11216:80b] Finished load of: file:///Users/gabrielfagundez/Library/Application%20Support/iPhone%20Simulator/7.0.3/Applications/57C3AC65-0436-46A7-B4AF-A1CABDA59A3A/MePaseasteUY.app/www/index.html
2013-11-29 20:43:19.334 MePaseasteUY[11654:80b] Multi-tasking -> Device: YES, App: YES
2013-11-29 20:43:19.559 MePaseasteUY[11654:80b] Unlimited access to network resources
2013-11-29 20:43:20.885 MePaseasteUY[11654:80b] Resetting plugins due to page load.
2013-11-29 20:43:21.098 MePaseasteUY[11654:80b] Finished load of: file:///Users/gabrielfagundez/Library/Application%20Support/iPhone%20Simulator/7.0.3/Applications/57C3AC65-0436-46A7-B4AF-A1CABDA59A3A/MePaseasteUY.app/www/index.html
2013-11-29 20:44:54.824 MePaseasteUY[12102:80b] Multi-tasking -> Device: YES, App: YES
2013-11-29 20:44:54.887 MePaseasteUY[12102:80b] Unlimited access to network resources
2013-11-29 20:44:56.637 MePaseasteUY[12102:80b] Resetting plugins due to page load.
2013-11-29 20:44:56.988 MePaseasteUY[12102:80b] Finished load of: file:///Users/gabrielfagundez/Library/Application%20Support/iPhone%20Simulator/7.0.3/Applications/57C3AC65-0436-46A7-B4AF-A1CABDA59A3A/MePaseasteUY.app/www/index.html
2013-11-29 20:44:59.149 MePaseasteUY[12102:80b] Resetting plugins due to page load.
2013-11-29 20:44:59.167 MePaseasteUY[12102:80b] Finished load of: file:///Users/gabrielfagundez/Library/Application%20Support/iPhone%20Simulator/7.0.3/Applications/57C3AC65-0436-46A7-B4AF-A1CABDA59A3A/MePaseasteUY.app/www/page2.html
2013-11-29 21:16:27.532 MePaseasteUY[12946:80b] Multi-tasking -> Device: YES, App: YES
2013-11-29 21:16:27.581 MePaseasteUY[12946:80b] Unlimited access to network resources
2013-11-29 21:16:28.370 MePaseasteUY[12946:80b] [CDVTimer][splashscreen] 157.530010ms
2013-11-29 21:16:28.377 MePaseasteUY[12946:80b] [CDVTimer][TotalPluginStartup] 164.615989ms
2013-11-29 21:16:29.009 MePaseasteUY[12946:80b] Resetting plugins due to page load.
2013-11-29 21:16:29.186 MePaseasteUY[12946:80b] Finished load of: file:///Users/gabrielfagundez/Library/Application%20Support/iPhone%20Simulator/7.0.3/Applications/57C3AC65-0436-46A7-B4AF-A1CABDA59A3A/MePaseasteUY.app/www/index.html
2013-11-29 21:24:12.739 MePaseasteUY[13461:80b] Multi-tasking -> Device: YES, App: YES
2013-11-29 21:24:12.808 MePaseasteUY[13461:80b] Unlimited access to network resources
2013-11-29 21:24:13.469 MePaseasteUY[13461:80b] [CDVTimer][splashscreen] 220.773995ms
2013-11-29 21:24:13.470 MePaseasteUY[13461:80b] [CDVTimer][TotalPluginStartup] 221.548021ms
2013-11-29 21:24:13.965 MePaseasteUY[13461:80b] Resetting plugins due to page load.
2013-11-29 21:24:14.116 MePaseasteUY[13461:80b] Finished load of: file:///Users/gabrielfagundez/Library/Application%20Support/iPhone%20Simulator/7.0.3/Applications/57C3AC65-0436-46A7-B4AF-A1CABDA59A3A/MePaseasteUY.app/www/index.html
2013-11-30 20:25:31.139 MePaseasteUY[15109:80b] Multi-tasking -> Device: YES, App: YES
2013-11-30 20:25:31.187 MePaseasteUY[15109:80b] Unlimited access to network resources
2013-11-30 20:25:31.626 MePaseasteUY[15109:80b] [CDVTimer][splashscreen] 79.181015ms
2013-11-30 20:25:31.627 MePaseasteUY[15109:80b] [CDVTimer][TotalPluginStartup] 80.483973ms
2013-11-30 20:25:31.895 MePaseasteUY[15109:80b] Resetting plugins due to page load.
2013-11-30 20:25:32.007 MePaseasteUY[15109:80b] Finished load of: file:///Users/gabrielfagundez/Library/Application%20Support/iPhone%20Simulator/7.0.3/Applications/57C3AC65-0436-46A7-B4AF-A1CABDA59A3A/MePaseasteUY.app/www/index.html
2013-11-30 20:42:12.795 MePaseasteUY[16324:80b] Multi-tasking -> Device: YES, App: YES
2013-11-30 20:42:12.846 MePaseasteUY[16324:80b] Unlimited access to network resources
2013-11-30 20:42:13.423 MePaseasteUY[16324:80b] [CDVTimer][splashscreen] 80.669999ms
2013-11-30 20:42:13.423 MePaseasteUY[16324:80b] [CDVTimer][TotalPluginStartup] 81.382990ms
2013-11-30 20:42:13.865 MePaseasteUY[16324:80b] Resetting plugins due to page load.
2013-11-30 20:42:14.087 MePaseasteUY[16324:80b] Finished load of: file:///Users/gabrielfagundez/Library/Application%20Support/iPhone%20Simulator/7.0.3/Applications/57C3AC65-0436-46A7-B4AF-A1CABDA59A3A/MePaseasteUY.app/www/index.html
2013-11-30 20:51:46.118 MePaseasteUY[16875:80b] Multi-tasking -> Device: YES, App: YES
2013-11-30 20:51:46.173 MePaseasteUY[16875:80b] Unlimited access to network resources
2013-11-30 20:51:46.524 MePaseasteUY[16875:80b] [CDVTimer][splashscreen] 96.148014ms
2013-11-30 20:51:46.525 MePaseasteUY[16875:80b] [CDVTimer][TotalPluginStartup] 97.561002ms
2013-11-30 20:51:46.942 MePaseasteUY[16875:80b] Resetting plugins due to page load.
2013-11-30 20:51:47.248 MePaseasteUY[16875:80b] Finished load of: file:///Users/gabrielfagundez/Library/Application%20Support/iPhone%20Simulator/7.0.3/Applications/57C3AC65-0436-46A7-B4AF-A1CABDA59A3A/MePaseasteUY.app/www/index.html
2013-11-30 20:59:29.959 MePaseasteUY[17392:80b] Multi-tasking -> Device: YES, App: YES
2013-11-30 20:59:30.003 MePaseasteUY[17392:80b] Unlimited access to network resources
2013-11-30 20:59:30.341 MePaseasteUY[17392:80b] [CDVTimer][splashscreen] 75.387001ms
2013-11-30 20:59:30.342 MePaseasteUY[17392:80b] [CDVTimer][TotalPluginStartup] 76.080978ms
2013-11-30 20:59:30.618 MePaseasteUY[17392:80b] Resetting plugins due to page load.
2013-11-30 20:59:30.893 MePaseasteUY[17392:80b] Finished load of: file:///Users/gabrielfagundez/Library/Application%20Support/iPhone%20Simulator/7.0.3/Applications/57C3AC65-0436-46A7-B4AF-A1CABDA59A3A/MePaseasteUY.app/www/index.html
2013-11-30 21:10:33.305 MePaseasteUY[17724:80b] Multi-tasking -> Device: YES, App: YES
2013-11-30 21:10:33.375 MePaseasteUY[17724:80b] Unlimited access to network resources
2013-11-30 21:10:33.618 MePaseasteUY[17724:80b] [CDVTimer][splashscreen] 75.129986ms
2013-11-30 21:10:33.619 MePaseasteUY[17724:80b] [CDVTimer][TotalPluginStartup] 76.613009ms
2013-11-30 21:10:33.854 MePaseasteUY[17724:80b] Resetting plugins due to page load.
2013-11-30 21:10:34.115 MePaseasteUY[17724:80b] Finished load of: file:///Users/gabrielfagundez/Library/Application%20Support/iPhone%20Simulator/7.0.3/Applications/57C3AC65-0436-46A7-B4AF-A1CABDA59A3A/MePaseasteUY.app/www/index.html
2013-11-30 21:13:43.230 MePaseasteUY[18232:80b] Multi-tasking -> Device: YES, App: YES
2013-11-30 21:13:43.396 MePaseasteUY[18232:80b] Unlimited access to network resources
2013-11-30 21:13:43.815 MePaseasteUY[18232:80b] [CDVTimer][splashscreen] 89.214027ms
2013-11-30 21:13:43.825 MePaseasteUY[18232:80b] [CDVTimer][TotalPluginStartup] 99.204004ms
2013-11-30 21:13:44.155 MePaseasteUY[18232:80b] Resetting plugins due to page load.
2013-11-30 21:13:44.471 MePaseasteUY[18232:80b] Finished load of: file:///Users/gabrielfagundez/Library/Application%20Support/iPhone%20Simulator/7.0.3/Applications/57C3AC65-0436-46A7-B4AF-A1CABDA59A3A/MePaseasteUY.app/www/index.html
2013-11-30 21:16:55.687 MePaseasteUY[18744:80b] Multi-tasking -> Device: YES, App: YES
2013-11-30 21:16:55.758 MePaseasteUY[18744:80b] Unlimited access to network resources
2013-11-30 21:16:56.068 MePaseasteUY[18744:80b] [CDVTimer][splashscreen] 79.340994ms
2013-11-30 21:16:56.069 MePaseasteUY[18744:80b] [CDVTimer][TotalPluginStartup] 80.075979ms
2013-11-30 21:16:56.386 MePaseasteUY[18744:80b] Resetting plugins due to page load.
2013-11-30 21:16:56.662 MePaseasteUY[18744:80b] Finished load of: file:///Users/gabrielfagundez/Library/Application%20Support/iPhone%20Simulator/7.0.3/Applications/57C3AC65-0436-46A7-B4AF-A1CABDA59A3A/MePaseasteUY.app/www/index.html
2013-11-30 21:22:19.627 MePaseasteUY[19343:80b] Multi-tasking -> Device: YES, App: YES
2013-11-30 21:22:19.693 MePaseasteUY[19343:80b] Unlimited access to network resources
2013-11-30 21:22:19.972 MePaseasteUY[19343:80b] [CDVTimer][splashscreen] 74.760020ms
2013-11-30 21:22:19.973 MePaseasteUY[19343:80b] [CDVTimer][TotalPluginStartup] 75.985014ms
2013-11-30 21:22:20.290 MePaseasteUY[19343:80b] Resetting plugins due to page load.
2013-11-30 21:22:20.483 MePaseasteUY[19343:80b] Finished load of: file:///Users/gabrielfagundez/Library/Application%20Support/iPhone%20Simulator/7.0.3/Applications/57C3AC65-0436-46A7-B4AF-A1CABDA59A3A/MePaseasteUY.app/www/index.html
2013-11-30 21:49:00.523 MePaseasteUY[20064:80b] Multi-tasking -> Device: YES, App: YES
2013-11-30 21:49:00.585 MePaseasteUY[20064:80b] Unlimited access to network resources
2013-11-30 21:49:00.944 MePaseasteUY[20064:80b] [CDVTimer][splashscreen] 103.667021ms
2013-11-30 21:49:00.946 MePaseasteUY[20064:80b] [CDVTimer][TotalPluginStartup] 105.111957ms
2013-11-30 21:49:01.277 MePaseasteUY[20064:80b] Resetting plugins due to page load.
2013-11-30 21:49:01.506 MePaseasteUY[20064:80b] Finished load of: file:///Users/gabrielfagundez/Library/Application%20Support/iPhone%20Simulator/7.0.3/Applications/57C3AC65-0436-46A7-B4AF-A1CABDA59A3A/MePaseasteUY.app/www/index.html
2013-11-30 21:51:27.118 MePaseasteUY[20604:80b] Multi-tasking -> Device: YES, App: YES
2013-11-30 21:51:27.192 MePaseasteUY[20604:80b] Unlimited access to network resources
2013-11-30 21:51:28.561 MePaseasteUY[20604:80b] [CDVTimer][splashscreen] 413.929999ms
2013-11-30 21:51:28.561 MePaseasteUY[20604:80b] [CDVTimer][TotalPluginStartup] 414.606988ms
2013-11-30 21:51:29.477 MePaseasteUY[20604:80b] Resetting plugins due to page load.
2013-11-30 21:51:30.240 MePaseasteUY[20604:80b] Finished load of: file:///Users/gabrielfagundez/Library/Application%20Support/iPhone%20Simulator/7.0.3/Applications/57C3AC65-0436-46A7-B4AF-A1CABDA59A3A/MePaseasteUY.app/www/index.html
2013-11-30 21:53:54.609 MePaseasteUY[20897:80b] Multi-tasking -> Device: YES, App: YES
2013-11-30 21:53:54.684 MePaseasteUY[20897:80b] Unlimited access to network resources
2013-11-30 21:53:54.969 MePaseasteUY[20897:80b] [CDVTimer][splashscreen] 31.867027ms
2013-11-30 21:53:54.970 MePaseasteUY[20897:80b] [CDVTimer][TotalPluginStartup] 32.971025ms
2013-11-30 21:53:55.244 MePaseasteUY[20897:80b] Resetting plugins due to page load.
2013-11-30 21:53:55.344 MePaseasteUY[20897:80b] Finished load of: file:///Users/gabrielfagundez/Library/Application%20Support/iPhone%20Simulator/7.0.3/Applications/57C3AC65-0436-46A7-B4AF-A1CABDA59A3A/MePaseasteUY.app/www/index.html
